<?xml version="1.0" encoding="UTF-8"?>
<testng-results ignored="0" total="1" passed="1" failed="0" skipped="0">
  <reporter-output>
  </reporter-output>
  <suite started-at="2023-11-03T17:05:00 IST" name="Default suite" finished-at="2023-11-03T17:05:25 IST" duration-ms="25163">
    <groups>
    </groups>
    <test started-at="2023-11-03T17:05:00 IST" name="Default test" finished-at="2023-11-03T17:05:25 IST" duration-ms="25163">
      <class name="test.CalculateAverageWorkingHours">
        <test-method is-config="true" signature="browser()[pri:0, instance:test.CalculateAverageWorkingHours@4b45a2f5]" started-at="2023-11-03T17:05:00 IST" name="browser" finished-at="2023-11-03T17:05:05 IST" duration-ms="4846" status="PASS">
          <reporter-output>
          </reporter-output>
        </test-method> <!-- browser -->
        <test-method signature="enableDiasbleChkInCud()[pri:0, instance:test.CalculateAverageWorkingHours@4b45a2f5]" started-at="2023-11-03T17:05:05 IST" name="enableDiasbleChkInCud" finished-at="2023-11-03T17:05:25 IST" duration-ms="20162" status="PASS">
          <reporter-output>
          </reporter-output>
        </test-method> <!-- enableDiasbleChkInCud -->
      </class> <!-- test.CalculateAverageWorkingHours -->
    </test> <!-- Default test -->
  </suite> <!-- Default suite -->
</testng-results>
